running egg_info
creating ../../build/serial_odom/serial_odom.egg-info
writing ../../build/serial_odom/serial_odom.egg-info/PKG-INFO
writing dependency_links to ../../build/serial_odom/serial_odom.egg-info/dependency_links.txt
writing entry points to ../../build/serial_odom/serial_odom.egg-info/entry_points.txt
writing requirements to ../../build/serial_odom/serial_odom.egg-info/requires.txt
writing top-level names to ../../build/serial_odom/serial_odom.egg-info/top_level.txt
writing manifest file '../../build/serial_odom/serial_odom.egg-info/SOURCES.txt'
reading manifest file '../../build/serial_odom/serial_odom.egg-info/SOURCES.txt'
writing manifest file '../../build/serial_odom/serial_odom.egg-info/SOURCES.txt'
running build
running build_py
creating /home/davinci/ros4_ws/build/serial_odom/build
creating /home/davinci/ros4_ws/build/serial_odom/build/lib
creating /home/davinci/ros4_ws/build/serial_odom/build/lib/serial_odom
copying serial_odom/serial_odom_node.py -> /home/davinci/ros4_ws/build/serial_odom/build/lib/serial_odom
copying serial_odom/__init__.py -> /home/davinci/ros4_ws/build/serial_odom/build/lib/serial_odom
running install
running install_lib
creating /home/davinci/ros4_ws/install/serial_odom/lib/python3.12/site-packages/serial_odom
copying /home/davinci/ros4_ws/build/serial_odom/build/lib/serial_odom/serial_odom_node.py -> /home/davinci/ros4_ws/install/serial_odom/lib/python3.12/site-packages/serial_odom
copying /home/davinci/ros4_ws/build/serial_odom/build/lib/serial_odom/__init__.py -> /home/davinci/ros4_ws/install/serial_odom/lib/python3.12/site-packages/serial_odom
byte-compiling /home/davinci/ros4_ws/install/serial_odom/lib/python3.12/site-packages/serial_odom/serial_odom_node.py to serial_odom_node.cpython-312.pyc
byte-compiling /home/davinci/ros4_ws/install/serial_odom/lib/python3.12/site-packages/serial_odom/__init__.py to __init__.cpython-312.pyc
running install_data
creating /home/davinci/ros4_ws/install/serial_odom/share/ament_index
creating /home/davinci/ros4_ws/install/serial_odom/share/ament_index/resource_index
creating /home/davinci/ros4_ws/install/serial_odom/share/ament_index/resource_index/packages
copying resource/serial_odom -> /home/davinci/ros4_ws/install/serial_odom/share/ament_index/resource_index/packages
copying package.xml -> /home/davinci/ros4_ws/install/serial_odom/share/serial_odom
running install_egg_info
Copying ../../build/serial_odom/serial_odom.egg-info to /home/davinci/ros4_ws/install/serial_odom/lib/python3.12/site-packages/serial_odom-0.1.0-py3.12.egg-info
running install_scripts
Installing serial_odom_node script to /home/davinci/ros4_ws/install/serial_odom/lib/serial_odom
writing list of installed files to '/home/davinci/ros4_ws/build/serial_odom/install.log'
