[0.866s] Invoking command in '/home/davinci/ros4_ws/src/serial_odom': DEBUGINFOD_URLS=https://debuginfod.ubuntu.com PYTHONPATH=/home/davinci/ros4_ws/build/serial_odom/prefix_override:/usr/lib/python3/dist-packages/colcon_core/task/python/colcon_distutils_commands:/home/davinci/ros4_ws/install/serial_odom/lib/python3.12/site-packages:${PYTHONPATH} /usr/bin/python3 -W ignore:setup.py install is deprecated -W ignore:easy_install command is deprecated setup.py egg_info --egg-base ../../build/serial_odom build --build-base /home/davinci/ros4_ws/build/serial_odom/build install --record /home/davinci/ros4_ws/build/serial_odom/install.log --single-version-externally-managed install_data
[1.139s] running egg_info
[1.140s] creating ../../build/serial_odom/serial_odom.egg-info
[1.160s] writing ../../build/serial_odom/serial_odom.egg-info/PKG-INFO
[1.160s] writing dependency_links to ../../build/serial_odom/serial_odom.egg-info/dependency_links.txt
[1.160s] writing entry points to ../../build/serial_odom/serial_odom.egg-info/entry_points.txt
[1.160s] writing requirements to ../../build/serial_odom/serial_odom.egg-info/requires.txt
[1.160s] writing top-level names to ../../build/serial_odom/serial_odom.egg-info/top_level.txt
[1.161s] writing manifest file '../../build/serial_odom/serial_odom.egg-info/SOURCES.txt'
[1.202s] reading manifest file '../../build/serial_odom/serial_odom.egg-info/SOURCES.txt'
[1.203s] writing manifest file '../../build/serial_odom/serial_odom.egg-info/SOURCES.txt'
[1.203s] running build
[1.203s] running build_py
[1.203s] creating /home/davinci/ros4_ws/build/serial_odom/build
[1.203s] creating /home/davinci/ros4_ws/build/serial_odom/build/lib
[1.203s] creating /home/davinci/ros4_ws/build/serial_odom/build/lib/serial_odom
[1.203s] copying serial_odom/serial_odom_node.py -> /home/davinci/ros4_ws/build/serial_odom/build/lib/serial_odom
[1.203s] copying serial_odom/__init__.py -> /home/davinci/ros4_ws/build/serial_odom/build/lib/serial_odom
[1.204s] running install
[1.210s] running install_lib
[1.232s] creating /home/davinci/ros4_ws/install/serial_odom/lib/python3.12/site-packages/serial_odom
[1.232s] copying /home/davinci/ros4_ws/build/serial_odom/build/lib/serial_odom/serial_odom_node.py -> /home/davinci/ros4_ws/install/serial_odom/lib/python3.12/site-packages/serial_odom
[1.232s] copying /home/davinci/ros4_ws/build/serial_odom/build/lib/serial_odom/__init__.py -> /home/davinci/ros4_ws/install/serial_odom/lib/python3.12/site-packages/serial_odom
[1.232s] byte-compiling /home/davinci/ros4_ws/install/serial_odom/lib/python3.12/site-packages/serial_odom/serial_odom_node.py to serial_odom_node.cpython-312.pyc
[1.234s] byte-compiling /home/davinci/ros4_ws/install/serial_odom/lib/python3.12/site-packages/serial_odom/__init__.py to __init__.cpython-312.pyc
[1.234s] running install_data
[1.234s] creating /home/davinci/ros4_ws/install/serial_odom/share/ament_index
[1.234s] creating /home/davinci/ros4_ws/install/serial_odom/share/ament_index/resource_index
[1.234s] creating /home/davinci/ros4_ws/install/serial_odom/share/ament_index/resource_index/packages
[1.234s] copying resource/serial_odom -> /home/davinci/ros4_ws/install/serial_odom/share/ament_index/resource_index/packages
[1.234s] copying package.xml -> /home/davinci/ros4_ws/install/serial_odom/share/serial_odom
[1.234s] running install_egg_info
[1.257s] Copying ../../build/serial_odom/serial_odom.egg-info to /home/davinci/ros4_ws/install/serial_odom/lib/python3.12/site-packages/serial_odom-0.1.0-py3.12.egg-info
[1.258s] running install_scripts
[1.396s] Installing serial_odom_node script to /home/davinci/ros4_ws/install/serial_odom/lib/serial_odom
[1.396s] writing list of installed files to '/home/davinci/ros4_ws/build/serial_odom/install.log'
[1.432s] Invoked command in '/home/davinci/ros4_ws/src/serial_odom' returned '0': DEBUGINFOD_URLS=https://debuginfod.ubuntu.com PYTHONPATH=/home/davinci/ros4_ws/build/serial_odom/prefix_override:/usr/lib/python3/dist-packages/colcon_core/task/python/colcon_distutils_commands:/home/davinci/ros4_ws/install/serial_odom/lib/python3.12/site-packages:${PYTHONPATH} /usr/bin/python3 -W ignore:setup.py install is deprecated -W ignore:easy_install command is deprecated setup.py egg_info --egg-base ../../build/serial_odom build --build-base /home/davinci/ros4_ws/build/serial_odom/build install --record /home/davinci/ros4_ws/build/serial_odom/install.log --single-version-externally-managed install_data
