[0.874s] Invoking command in '/home/davinci/ros4_ws/src/serial_odom': DEBUGINFOD_URLS=https://debuginfod.ubuntu.com PYTHONPATH=/home/davinci/ros4_ws/build/serial_odom/prefix_override:/usr/lib/python3/dist-packages/colcon_core/task/python/colcon_distutils_commands:/home/davinci/ros4_ws/install/serial_odom/lib/python3.12/site-packages:${PYTHONPATH} /usr/bin/python3 -W ignore:setup.py install is deprecated -W ignore:easy_install command is deprecated setup.py egg_info --egg-base ../../build/serial_odom build --build-base /home/davinci/ros4_ws/build/serial_odom/build install --record /home/davinci/ros4_ws/build/serial_odom/install.log --single-version-externally-managed install_data
[1.169s] running egg_info
[1.189s] writing ../../build/serial_odom/serial_odom.egg-info/PKG-INFO
[1.189s] writing dependency_links to ../../build/serial_odom/serial_odom.egg-info/dependency_links.txt
[1.189s] writing entry points to ../../build/serial_odom/serial_odom.egg-info/entry_points.txt
[1.190s] writing requirements to ../../build/serial_odom/serial_odom.egg-info/requires.txt
[1.190s] writing top-level names to ../../build/serial_odom/serial_odom.egg-info/top_level.txt
[1.232s] reading manifest file '../../build/serial_odom/serial_odom.egg-info/SOURCES.txt'
[1.232s] writing manifest file '../../build/serial_odom/serial_odom.egg-info/SOURCES.txt'
[1.232s] running build
[1.232s] running build_py
[1.233s] running install
[1.239s] running install_lib
[1.260s] running install_data
[1.260s] running install_egg_info
[1.281s] removing '/home/davinci/ros4_ws/install/serial_odom/lib/python3.12/site-packages/serial_odom-0.1.0-py3.12.egg-info' (and everything under it)
[1.282s] Copying ../../build/serial_odom/serial_odom.egg-info to /home/davinci/ros4_ws/install/serial_odom/lib/python3.12/site-packages/serial_odom-0.1.0-py3.12.egg-info
[1.282s] running install_scripts
[1.417s] Installing serial_odom_node script to /home/davinci/ros4_ws/install/serial_odom/lib/serial_odom
[1.418s] writing list of installed files to '/home/davinci/ros4_ws/build/serial_odom/install.log'
[1.448s] Invoked command in '/home/davinci/ros4_ws/src/serial_odom' returned '0': DEBUGINFOD_URLS=https://debuginfod.ubuntu.com PYTHONPATH=/home/davinci/ros4_ws/build/serial_odom/prefix_override:/usr/lib/python3/dist-packages/colcon_core/task/python/colcon_distutils_commands:/home/davinci/ros4_ws/install/serial_odom/lib/python3.12/site-packages:${PYTHONPATH} /usr/bin/python3 -W ignore:setup.py install is deprecated -W ignore:easy_install command is deprecated setup.py egg_info --egg-base ../../build/serial_odom build --build-base /home/davinci/ros4_ws/build/serial_odom/build install --record /home/davinci/ros4_ws/build/serial_odom/install.log --single-version-externally-managed install_data
